#
# There is insufficient memory for the Java Runtime Environment to continue.
# Native memory allocation (mmap) failed to map 128974848 bytes for committing reserved memory.
# Possible reasons:
#   The system is out of physical RAM or swap space
#   In 32 bit mode, the process size limit was hit
# Possible solutions:
#   Reduce memory load on the system
#   Increase physical memory or swap space
#   Check if swap backing store is full
#   Use 64 bit Java on a 64 bit OS
#   Decrease Java heap size (-Xmx/-Xms)
#   Decrease number of Java threads
#   Decrease Java thread stack sizes (-Xss)
#   Set larger code cache with -XX:ReservedCodeCacheSize=
# This output file may be truncated or incomplete.
#
#  Out of Memory Error (os_linux.cpp:2627), pid=8921, tid=140352058918656
#
# JRE version: Java(TM) SE Runtime Environment (8.0_91-b14) (build 1.8.0_91-b14)
# Java VM: Java HotSpot(TM) 64-Bit Server VM (25.91-b14 mixed mode linux-amd64 compressed oops)
# Failed to write core dump. Core dumps have been disabled. To enable core dumping, try "ulimit -c unlimited" before starting Java again
#

---------------  T H R E A D  ---------------

Current thread (0x00007fa654078000):  VMThread [stack: 0x00007fa6428d8000,0x00007fa6429d9000] [id=8942]

Stack: [0x00007fa6428d8000,0x00007fa6429d9000],  sp=0x00007fa6429d7060,  free space=1020k
Native frames: (J=compiled Java code, j=interpreted, Vv=VM code, C=native code)
V  [libjvm.so+0xabc18a]  VMError::report_and_die()+0x2ba
V  [libjvm.so+0x4fafeb]  report_vm_out_of_memory(char const*, int, unsigned long, VMErrorType, char const*)+0x8b
V  [libjvm.so+0x91cbb3]  os::Linux::commit_memory_impl(char*, unsigned long, bool)+0x103
V  [libjvm.so+0x91d109]  os::pd_commit_memory(char*, unsigned long, unsigned long, bool)+0x29
V  [libjvm.so+0x91740a]  os::commit_memory(char*, unsigned long, unsigned long, bool)+0x2a
V  [libjvm.so+0x98b033]  PSVirtualSpace::expand_by(unsigned long)+0x53
V  [libjvm.so+0x98c438]  PSYoungGen::resize_generation(unsigned long, unsigned long)+0xf8
V  [libjvm.so+0x98b592]  PSYoungGen::resize(unsigned long, unsigned long)+0x22
V  [libjvm.so+0x98886b]  PSScavenge::invoke_no_policy()+0xf3b
V  [libjvm.so+0x988ff1]  PSScavenge::invoke()+0x41
V  [libjvm.so+0x9408b0]  ParallelScavengeHeap::failed_mem_allocate(unsigned long)+0x70
V  [libjvm.so+0xabdba7]  VM_ParallelGCFailedAllocation::doit()+0x97
V  [libjvm.so+0xac55d5]  VM_Operation::evaluate()+0x55
V  [libjvm.so+0xac39aa]  VMThread::evaluate_operation(VM_Operation*)+0xba
V  [libjvm.so+0xac3d2e]  VMThread::loop()+0x1ce
V  [libjvm.so+0xac41a0]  VMThread::run()+0x70
V  [libjvm.so+0x91ef78]  java_start(Thread*)+0x108

VM_Operation (0x00007fa641be87c0): ParallelGCFailedAllocation, mode: safepoint, requested by thread 0x00007fa654175800


---------------  P R O C E S S  ---------------

Java Threads: ( => current thread )
  0x00007fa654178000 JavaThread "pool-1-thread-4" [_thread_blocked, id=8968, stack(0x00007fa6418e8000,0x00007fa6419e9000)]
  0x00007fa654176800 JavaThread "pool-1-thread-3" [_thread_blocked, id=8967, stack(0x00007fa6419e9000,0x00007fa641aea000)]
  0x00007fa654175800 JavaThread "pool-1-thread-2" [_thread_blocked, id=8966, stack(0x00007fa641aea000,0x00007fa641beb000)]
  0x00007fa654173800 JavaThread "pool-2-thread-1" [_thread_blocked, id=8965, stack(0x00007fa641beb000,0x00007fa641cec000)]
  0x00007fa654171000 JavaThread "pool-1-thread-1" [_thread_blocked, id=8964, stack(0x00007fa641cec000,0x00007fa641ded000)]
  0x00007fa6540d2800 JavaThread "Service Thread" daemon [_thread_blocked, id=8956, stack(0x00007fa641f06000,0x00007fa642007000)]
  0x00007fa6540bd800 JavaThread "C1 CompilerThread2" daemon [_thread_blocked, id=8955, stack(0x00007fa642007000,0x00007fa642108000)]
  0x00007fa6540bb800 JavaThread "C2 CompilerThread1" daemon [_thread_blocked, id=8951, stack(0x00007fa642108000,0x00007fa642209000)]
  0x00007fa6540b9000 JavaThread "C2 CompilerThread0" daemon [_thread_blocked, id=8949, stack(0x00007fa642209000,0x00007fa64230a000)]
  0x00007fa6540b7800 JavaThread "Signal Dispatcher" daemon [_thread_blocked, id=8947, stack(0x00007fa64230a000,0x00007fa64240b000)]
  0x00007fa654084800 JavaThread "Finalizer" daemon [_thread_blocked, id=8946, stack(0x00007fa6426d6000,0x00007fa6427d7000)]
  0x00007fa65407f800 JavaThread "Reference Handler" daemon [_thread_blocked, id=8944, stack(0x00007fa6427d7000,0x00007fa6428d8000)]
  0x00007fa65400a000 JavaThread "main" [_thread_blocked, id=8925, stack(0x00007fa65cf71000,0x00007fa65d072000)]

Other Threads:
=>0x00007fa654078000 VMThread [stack: 0x00007fa6428d8000,0x00007fa6429d9000] [id=8942]
  0x00007fa6540d5800 WatcherThread [stack: 0x00007fa641e05000,0x00007fa641f06000] [id=8958]

VM state:at safepoint (normal execution)

VM Mutex/Monitor currently owned by a thread:  ([mutex/lock_event])
[0x00007fa654006660] Threads_lock - owner thread: 0x00007fa654078000
[0x00007fa654006b60] Heap_lock - owner thread: 0x00007fa654175800

Heap:
 PSYoungGen      total 99840K, used 3557K [0x00000000eab00000, 0x00000000f1000000, 0x0000000100000000)
  eden space 96256K, 0% used [0x00000000eab00000,0x00000000eab00000,0x00000000f0900000)
  from space 3584K, 99% used [0x00000000f0900000,0x00000000f0c79400,0x00000000f0c80000)
  to   space 3584K, 0% used [0x00000000f0c80000,0x00000000f0c80000,0x00000000f1000000)
 ParOldGen       total 62976K, used 32177K [0x00000000c0000000, 0x00000000c3d80000, 0x00000000eab00000)
  object space 62976K, 51% used [0x00000000c0000000,0x00000000c1f6c588,0x00000000c3d80000)
 Metaspace       used 6073K, capacity 7000K, committed 7168K, reserved 1056768K
  class space    used 614K, capacity 656K, committed 768K, reserved 1048576K

Card table byte_map: [0x00007fa659b3a000,0x00007fa659d3b000] byte_map_base: 0x00007fa65953a000

Marking Bits: (ParMarkBitMap*) 0x00007fa65c450d60
 Begin Bits: [0x00007fa643000000, 0x00007fa644000000)
 End Bits:   [0x00007fa644000000, 0x00007fa645000000)

Polling page: 0x00007fa65d099000

CodeCache: size=245760Kb used=5616Kb max_used=5616Kb free=240143Kb
 bounds [0x00007fa645000000, 0x00007fa645580000, 0x00007fa654000000]
 total_blobs=1671 nmethods=1403 adapters=182
 compilation: enabled

Compilation events (10 events):
Event: 6,123 Thread 0x00007fa6540bd800 nmethod 1638 0x00007fa645579dd0 code [0x00007fa645579f80, 0x00007fa64557a3b8]
Event: 6,123 Thread 0x00007fa6540bd800 1650       3       com.android.dx.ssa.back.InterferenceGraph::<init> (42 bytes)
Event: 6,124 Thread 0x00007fa6540bd800 nmethod 1650 0x00007fa64557a590 code [0x00007fa64557a7a0, 0x00007fa64557b248]
Event: 6,124 Thread 0x00007fa6540bd800 1642       3       com.android.dx.ssa.SsaConverter::edgeSplitPredecessors (44 bytes)
Event: 6,125 Thread 0x00007fa6540bd800 nmethod 1642 0x00007fa64557b8d0 code [0x00007fa64557bae0, 0x00007fa64557c488]
Event: 6,125 Thread 0x00007fa6540bd800 1661 %     3       com.android.dx.cf.code.Ropper::getRopMethod @ 19 (64 bytes)
Event: 6,126 Thread 0x00007fa6540bd800 nmethod 1661% 0x00007fa64557c9d0 code [0x00007fa64557cc20, 0x00007fa64557da58]
Event: 6,126 Thread 0x00007fa6540bd800 1628 %     3       com.android.dx.util.LabeledList::<init> @ 26 (57 bytes)
Event: 6,127 Thread 0x00007fa6540bd800 nmethod 1628% 0x00007fa64557e390 code [0x00007fa64557e5c0, 0x00007fa64557f2d8]
Event: 6,127 Thread 0x00007fa6540bd800 1612 %     3       com.android.dx.ssa.ConstCollector::getConstsSortedByCountUse @ 27 (386 bytes)

GC Heap History (9 events):
Event: 2,958 GC heap before
{Heap before GC invocations=1 (full 0):
 PSYoungGen      total 27648K, used 24064K [0x00000000eab00000, 0x00000000ec980000, 0x0000000100000000)
  eden space 24064K, 100% used [0x00000000eab00000,0x00000000ec280000,0x00000000ec280000)
  from space 3584K, 0% used [0x00000000ec600000,0x00000000ec600000,0x00000000ec980000)
  to   space 3584K, 0% used [0x00000000ec280000,0x00000000ec280000,0x00000000ec600000)
 ParOldGen       total 62976K, used 0K [0x00000000c0000000, 0x00000000c3d80000, 0x00000000eab00000)
  object space 62976K, 0% used [0x00000000c0000000,0x00000000c0000000,0x00000000c3d80000)
 Metaspace       used 5714K, capacity 6704K, committed 6784K, reserved 1056768K
  class space    used 592K, capacity 616K, committed 640K, reserved 1048576K
Event: 2,992 GC heap after
Heap after GC invocations=1 (full 0):
 PSYoungGen      total 27648K, used 3559K [0x00000000eab00000, 0x00000000ee100000, 0x0000000100000000)
  eden space 24064K, 0% used [0x00000000eab00000,0x00000000eab00000,0x00000000ec280000)
  from space 3584K, 99% used [0x00000000ec280000,0x00000000ec5f9c88,0x00000000ec600000)
  to   space 3584K, 0% used [0x00000000edd80000,0x00000000edd80000,0x00000000ee100000)
 ParOldGen       total 62976K, used 1093K [0x00000000c0000000, 0x00000000c3d80000, 0x00000000eab00000)
  object space 62976K, 1% used [0x00000000c0000000,0x00000000c01114c8,0x00000000c3d80000)
 Metaspace       used 5714K, capacity 6704K, committed 6784K, reserved 1056768K
  class space    used 592K, capacity 616K, committed 640K, reserved 1048576K
}
Event: 3,911 GC heap before
{Heap before GC invocations=2 (full 0):
 PSYoungGen      total 27648K, used 27623K [0x00000000eab00000, 0x00000000ee100000, 0x0000000100000000)
  eden space 24064K, 100% used [0x00000000eab00000,0x00000000ec280000,0x00000000ec280000)
  from space 3584K, 99% used [0x00000000ec280000,0x00000000ec5f9c88,0x00000000ec600000)
  to   space 3584K, 0% used [0x00000000edd80000,0x00000000edd80000,0x00000000ee100000)
 ParOldGen       total 62976K, used 1093K [0x00000000c0000000, 0x00000000c3d80000, 0x00000000eab00000)
  object space 62976K, 1% used [0x00000000c0000000,0x00000000c01114c8,0x00000000c3d80000)
 Metaspace       used 5813K, capacity 6768K, committed 7040K, reserved 1056768K
  class space    used 593K, capacity 616K, committed 640K, reserved 1048576K
Event: 3,937 GC heap after
Heap after GC invocations=2 (full 0):
 PSYoungGen      total 51712K, used 3563K [0x00000000eab00000, 0x00000000ee100000, 0x0000000100000000)
  eden space 48128K, 0% used [0x00000000eab00000,0x00000000eab00000,0x00000000eda00000)
  from space 3584K, 99% used [0x00000000edd80000,0x00000000ee0fac50,0x00000000ee100000)
  to   space 3584K, 0% used [0x00000000eda00000,0x00000000eda00000,0x00000000edd80000)
 ParOldGen       total 62976K, used 4540K [0x00000000c0000000, 0x00000000c3d80000, 0x00000000eab00000)
  object space 62976K, 7% used [0x00000000c0000000,0x00000000c046f0f0,0x00000000c3d80000)
 Metaspace       used 5813K, capacity 6768K, committed 7040K, reserved 1056768K
  class space    used 593K, capacity 616K, committed 640K, reserved 1048576K
}
Event: 4,848 GC heap before
{Heap before GC invocations=3 (full 0):
 PSYoungGen      total 51712K, used 51691K [0x00000000eab00000, 0x00000000ee100000, 0x0000000100000000)
  eden space 48128K, 100% used [0x00000000eab00000,0x00000000eda00000,0x00000000eda00000)
  from space 3584K, 99% used [0x00000000edd80000,0x00000000ee0fac50,0x00000000ee100000)
  to   space 3584K, 0% used [0x00000000eda00000,0x00000000eda00000,0x00000000edd80000)
 ParOldGen       total 62976K, used 4540K [0x00000000c0000000, 0x00000000c3d80000, 0x00000000eab00000)
  object space 62976K, 7% used [0x00000000c0000000,0x00000000c046f0f0,0x00000000c3d80000)
 Metaspace       used 5891K, capacity 6832K, committed 7040K, reserved 1056768K
  class space    used 594K, capacity 616K, committed 640K, reserved 1048576K
Event: 4,880 GC heap after
Heap after GC invocations=3 (full 0):
 PSYoungGen      total 51712K, used 3562K [0x00000000eab00000, 0x00000000f1000000, 0x0000000100000000)
  eden space 48128K, 0% used [0x00000000eab00000,0x00000000eab00000,0x00000000eda00000)
  from space 3584K, 99% used [0x00000000eda00000,0x00000000edd7a8c0,0x00000000edd80000)
  to   space 3584K, 0% used [0x00000000f0c80000,0x00000000f0c80000,0x00000000f1000000)
 ParOldGen       total 62976K, used 11593K [0x00000000c0000000, 0x00000000c3d80000, 0x00000000eab00000)
  object space 62976K, 18% used [0x00000000c0000000,0x00000000c0b52648,0x00000000c3d80000)
 Metaspace       used 5891K, capacity 6832K, committed 7040K, reserved 1056768K
  class space    used 594K, capacity 616K, committed 640K, reserved 1048576K
}
Event: 5,392 GC heap before
{Heap before GC invocations=4 (full 0):
 PSYoungGen      total 51712K, used 51690K [0x00000000eab00000, 0x00000000f1000000, 0x0000000100000000)
  eden space 48128K, 100% used [0x00000000eab00000,0x00000000eda00000,0x00000000eda00000)
  from space 3584K, 99% used [0x00000000eda00000,0x00000000edd7a8c0,0x00000000edd80000)
  to   space 3584K, 0% used [0x00000000f0c80000,0x00000000f0c80000,0x00000000f1000000)
 ParOldGen       total 62976K, used 11593K [0x00000000c0000000, 0x00000000c3d80000, 0x00000000eab00000)
  object space 62976K, 18% used [0x00000000c0000000,0x00000000c0b52648,0x00000000c3d80000)
 Metaspace       used 5937K, capacity 6896K, committed 7040K, reserved 1056768K
  class space    used 594K, capacity 616K, committed 640K, reserved 1048576K
Event: 5,472 GC heap after
Heap after GC invocations=4 (full 0):
 PSYoungGen      total 99840K, used 3574K [0x00000000eab00000, 0x00000000f1000000, 0x0000000100000000)
  eden space 96256K, 0% used [0x00000000eab00000,0x00000000eab00000,0x00000000f0900000)
  from space 3584K, 99% used [0x00000000f0c80000,0x00000000f0ffd9f8,0x00000000f1000000)
  to   space 3584K, 0% used [0x00000000f0900000,0x00000000f0900000,0x00000000f0c80000)
 ParOldGen       total 62976K, used 18962K [0x00000000c0000000, 0x00000000c3d80000, 0x00000000eab00000)
  object space 62976K, 30% used [0x00000000c0000000,0x00000000c1284888,0x00000000c3d80000)
 Metaspace       used 5937K, capacity 6896K, committed 7040K, reserved 1056768K
  class space    used 594K, capacity 616K, committed 640K, reserved 1048576K
}
Event: 10,087 GC heap before
{Heap before GC invocations=5 (full 0):
 PSYoungGen      total 99840K, used 99830K [0x00000000eab00000, 0x00000000f1000000, 0x0000000100000000)
  eden space 96256K, 100% used [0x00000000eab00000,0x00000000f0900000,0x00000000f0900000)
  from space 3584K, 99% used [0x00000000f0c80000,0x00000000f0ffd9f8,0x00000000f1000000)
  to   space 3584K, 0% used [0x00000000f0900000,0x00000000f0900000,0x00000000f0c80000)
 ParOldGen       total 62976K, used 18962K [0x00000000c0000000, 0x00000000c3d80000, 0x00000000eab00000)
  object space 62976K, 30% used [0x00000000c0000000,0x00000000c1284888,0x00000000c3d80000)
 Metaspace       used 6073K, capacity 7000K, committed 7168K, reserved 1056768K
  class space    used 614K, capacity 656K, committed 768K, reserved 1048576K

Deoptimization events (10 events):
Event: 4,263 Thread 0x00007fa654176800 Uncommon trap: reason=unstable_if action=reinterpret pc=0x00007fa6452ac25c method=com.android.dx.rop.cst.Constant.compareTo(Lcom/android/dx/rop/cst/Constant;)I @ 12
Event: 4,394 Thread 0x00007fa65400a000 Uncommon trap: reason=unstable_if action=reinterpret pc=0x00007fa6451d9b94 method=java.lang.String.<init>([CII)V @ 18
Event: 4,798 Thread 0x00007fa654178000 Uncommon trap: reason=unstable_if action=reinterpret pc=0x00007fa6453c8e58 method=com.android.dx.ssa.SsaRenamer$BlockRenamer.visitMoveInsn(Lcom/android/dx/ssa/NormalSsaInsn;)V @ 104
Event: 4,966 Thread 0x00007fa654171000 Uncommon trap: reason=unstable_if action=reinterpret pc=0x00007fa6453de884 method=com.android.dx.util.IntList.binarysearch(I)I @ 105
Event: 4,982 Thread 0x00007fa65400a000 Uncommon trap: reason=unstable_if action=reinterpret pc=0x00007fa6453b5cbc method=com.android.dx.ssa.SsaMethod.updateOneDefinition(Lcom/android/dx/ssa/SsaInsn;Lcom/android/dx/rop/code/RegisterSpec;)V @ 4
Event: 5,845 Thread 0x00007fa654178000 Uncommon trap: reason=unstable_if action=reinterpret pc=0x00007fa6453381c0 method=java.util.HashMap.putVal(ILjava/lang/Object;Ljava/lang/Object;ZZ)Ljava/lang/Object; @ 162
Event: 5,874 Thread 0x00007fa654176800 Uncommon trap: reason=unstable_if action=reinterpret pc=0x00007fa6454a8448 method=java.util.HashMap.putVal(ILjava/lang/Object;Ljava/lang/Object;ZZ)Ljava/lang/Object; @ 162
Event: 5,874 Thread 0x00007fa654178000 Uncommon trap: reason=unstable_if action=reinterpret pc=0x00007fa645527e74 method=com.android.dx.ssa.SCCP.simulateStmt(Lcom/android/dx/ssa/SsaInsn;)V @ 59
Event: 5,879 Thread 0x00007fa654178000 Uncommon trap: reason=unstable_if action=reinterpret pc=0x00007fa645209738 method=java.util.HashMap.getNode(ILjava/lang/Object;)Ljava/util/HashMap$Node; @ 84
Event: 5,879 Thread 0x00007fa654178000 Uncommon trap: reason=unstable_if action=reinterpret pc=0x00007fa64521f234 method=java.util.HashMap.getNode(ILjava/lang/Object;)Ljava/util/HashMap$Node; @ 84

Internal exceptions (7 events):
Event: 0,256 Thread 0x00007fa65400a000 Exception <a 'java/lang/NoSuchMethodError': Method sun.misc.Unsafe.defineClass(Ljava/lang/String;[BII)Ljava/lang/Class; name or signature does not match> (0x00000000eab07cc0) thrown at [/HUDSON/workspace/8-2-build-linux-amd64/jdk8u91/6644/hotspot/src/shar
Event: 0,257 Thread 0x00007fa65400a000 Exception <a 'java/lang/NoSuchMethodError': Method sun.misc.Unsafe.prefetchRead(Ljava/lang/Object;J)V name or signature does not match> (0x00000000eab07fa8) thrown at [/HUDSON/workspace/8-2-build-linux-amd64/jdk8u91/6644/hotspot/src/share/vm/prims/jni.cpp
Event: 3,811 Thread 0x00007fa654178000 Implicit null exception at 0x00007fa6452ae03d to 0x00007fa6452b0f69
Event: 4,162 Thread 0x00007fa654175800 Implicit null exception at 0x00007fa6452bc5e9 to 0x00007fa6452bec59
Event: 5,846 Thread 0x00007fa654178000 Exception <a 'java/lang/ArrayIndexOutOfBoundsException': 18> (0x00000000ed87ead8) thrown at [/HUDSON/workspace/8-2-build-linux-amd64/jdk8u91/6644/hotspot/src/share/vm/interpreter/interpreterRuntime.cpp, line 366]
Event: 5,847 Thread 0x00007fa654178000 Exception <a 'java/lang/ArrayIndexOutOfBoundsException': 145> (0x00000000ed880658) thrown at [/HUDSON/workspace/8-2-build-linux-amd64/jdk8u91/6644/hotspot/src/share/vm/interpreter/interpreterRuntime.cpp, line 366]
Event: 5,848 Thread 0x00007fa654178000 Exception <a 'java/lang/ArrayIndexOutOfBoundsException': 40> (0x00000000ed881940) thrown at [/HUDSON/workspace/8-2-build-linux-amd64/jdk8u91/6644/hotspot/src/share/vm/interpreter/interpreterRuntime.cpp, line 366]

Events (10 events):
Event: 6,009 